<?xml version="1.0" encoding="UTF-8"?>
<!-- Generated by org.testng.reporters.JUnitReportReporter -->
<testsuite hostname="LAPTOP-45V9BSQP" failures="1" tests="3" name="BestBuy.bestBuyTest1" time="70.432" errors="0" timestamp="2024-08-18T23:21:46 IST" skipped="0">
  <testcase classname="BestBuy.bestBuyTest1" name="openBrowser" time="4.981"/>
  <testcase classname="BestBuy.bestBuyTest1" name="signIn" time="58.565"/>
  <testcase classname="BestBuy.bestBuyTest1" name="emailContentValidation" time="6.886">
    <failure message="expected [At Ci Cards, we are dedicated to protecting your privacy. We want you to feel comfortable about giving us your email address. The following Email Policy was developed to help you understand how we use email and what your choices are. You are providing this information to both Citibank, N.A. and Best Buy. Information is subject to their respective privacy policies. Best Buy’s Privacy Policy may be viewed at: www.BestBuy.com/privacy.] but found [At Citi Cards, we are dedicated to protecting your privacy. We want you to feel comfortable about giving us your email address. The following Email Policy was developed to help you understand how we use email and what your choices are. You are providing this information to both Citibank, N.A. and Best Buy. Information is subject to their respective privacy policies. Best Buy’s Privacy Policy may be viewed at: www.BestBuy.com/privacy.]" type="java.lang.AssertionError">
      <![CDATA[java.lang.AssertionError: expected [At Ci Cards, we are dedicated to protecting your privacy. We want you to feel comfortable about giving us your email address. The following Email Policy was developed to help you understand how we use email and what your choices are. You are providing this information to both Citibank, N.A. and Best Buy. Information is subject to their respective privacy policies. Best Buy’s Privacy Policy may be viewed at: www.BestBuy.com/privacy.] but found [At Citi Cards, we are dedicated to protecting your privacy. We want you to feel comfortable about giving us your email address. The following Email Policy was developed to help you understand how we use email and what your choices are. You are providing this information to both Citibank, N.A. and Best Buy. Information is subject to their respective privacy policies. Best Buy’s Privacy Policy may be viewed at: www.BestBuy.com/privacy.]
at org.testng.Assert.fail(Assert.java:111)
at org.testng.Assert.failNotEquals(Assert.java:1578)
at org.testng.Assert.assertEqualsImpl(Assert.java:150)
at org.testng.Assert.assertEquals(Assert.java:132)
at org.testng.Assert.assertEquals(Assert.java:656)
at org.testng.Assert.assertEquals(Assert.java:666)
at BestBuy.bestBuyTest1.emailContentValidation(bestBuyTest1.java:74)
at java.base/jdk.internal.reflect.NativeMethodAccessorImpl.invoke0(Native Method)
at java.base/jdk.internal.reflect.NativeMethodAccessorImpl.invoke(NativeMethodAccessorImpl.java:77)
at java.base/jdk.internal.reflect.DelegatingMethodAccessorImpl.invoke(DelegatingMethodAccessorImpl.java:43)
at java.base/java.lang.reflect.Method.invoke(Method.java:568)
at org.testng.internal.invokers.MethodInvocationHelper.invokeMethod(MethodInvocationHelper.java:141)
at org.testng.internal.invokers.TestInvoker.invokeMethod(TestInvoker.java:686)
at org.testng.internal.invokers.TestInvoker.invokeTestMethod(TestInvoker.java:230)
at org.testng.internal.invokers.MethodRunner.runInSequence(MethodRunner.java:63)
at org.testng.internal.invokers.TestInvoker$MethodInvocationAgent.invoke(TestInvoker.java:992)
at org.testng.internal.invokers.TestInvoker.invokeTestMethods(TestInvoker.java:203)
at org.testng.internal.invokers.TestMethodWorker.invokeTestMethods(TestMethodWorker.java:154)
at org.testng.internal.invokers.TestMethodWorker.run(TestMethodWorker.java:134)
at java.base/java.util.ArrayList.forEach(ArrayList.java:1511)
at org.testng.TestRunner.privateRun(TestRunner.java:739)
at org.testng.TestRunner.run(TestRunner.java:614)
at org.testng.SuiteRunner.runTest(SuiteRunner.java:421)
at org.testng.SuiteRunner.runSequentially(SuiteRunner.java:413)
at org.testng.SuiteRunner.privateRun(SuiteRunner.java:373)
at org.testng.SuiteRunner.run(SuiteRunner.java:312)
at org.testng.SuiteRunnerWorker.runSuite(SuiteRunnerWorker.java:52)
at org.testng.SuiteRunnerWorker.run(SuiteRunnerWorker.java:95)
at org.testng.TestNG.runSuitesSequentially(TestNG.java:1274)
at org.testng.TestNG.runSuitesLocally(TestNG.java:1208)
at org.testng.TestNG.runSuites(TestNG.java:1112)
at org.testng.TestNG.run(TestNG.java:1079)
at org.testng.remote.AbstractRemoteTestNG.run(AbstractRemoteTestNG.java:115)
at org.testng.remote.RemoteTestNG.initAndRun(RemoteTestNG.java:293)
at org.testng.remote.RemoteTestNG.main(RemoteTestNG.java:91)
]]>
    </failure>
  </testcase> <!-- emailContentValidation -->
</testsuite> <!-- BestBuy.bestBuyTest1 -->
